<?xml version="1.0" encoding="UTF-8"?>
<!-- Generated by org.testng.reporters.JUnitReportReporter -->
<testsuite hostname="LAPTOP-7T4UVUQH" failures="0" tests="1" name="com.tests.LoginTest" time="0.009" errors="0" timestamp="28 Feb 2021 15:19:22 GMT" skipped="0">
  <testcase classname="com.tests.LoginTest" name="test" time="0.009"/>
</testsuite> <!-- com.tests.LoginTest -->
