<?xml version="1.0" encoding="UTF-8"?>
<!-- Generated by org.testng.reporters.JUnitReportReporter -->
<testsuite hostname="LAPTOP-7T4UVUQH" failures="0" tests="1" name="com.tests.LoginPageTest" time="5.645" errors="0" timestamp="02 Mar 2021 05:13:36 GMT" skipped="0">
  <testcase classname="com.tests.LoginPageTest" name="Login_lockedOutUser" time="5.645"/>
</testsuite> <!-- com.tests.LoginPageTest -->
